<?xml version="1.0" ?>
<testsuite name="TestAServices.UserTestCase-20240504142914" tests="5" time="1.369" failures="0" errors="0">
	<testcase classname="TestAServices.UserTestCase" name="test_login_user" time="0.629"/>
	<testcase classname="TestAServices.UserTestCase" name="test_login_user_fail" time="0.115"/>
	<testcase classname="TestAServices.UserTestCase" name="test_prediction" time="0.247"/>
	<testcase classname="TestAServices.UserTestCase" name="test_register_user" time="0.265"/>
	<testcase classname="TestAServices.UserTestCase" name="test_saving" time="0.113"/>
	<system-out><![CDATA[]]></system-out>
	<system-err><![CDATA[]]></system-err>
</testsuite>
