<?xml version="1.0" ?>
<testsuite name="TestFlaskApi.TestFlaskAPI-20240312112031" tests="1" time="0.038" failures="0" errors="0">
	<testcase classname="TestFlaskApi.TestFlaskAPI" name="test_predict_endpoint" time="0.038"/>
	<system-out><![CDATA[]]></system-out>
	<system-err><![CDATA[]]></system-err>
</testsuite>
