<?xml version="1.0" ?>
<testsuite name="TestTranslations.TestTranslations-20240411092429" tests="4" time="0.001" failures="0" errors="0">
	<testcase classname="TestTranslations.TestTranslations" name="test_translate_english" time="0.000"/>
	<testcase classname="TestTranslations.TestTranslations" name="test_translate_finnish" time="0.000"/>
	<testcase classname="TestTranslations.TestTranslations" name="test_translate_not_found" time="0.000"/>
	<testcase classname="TestTranslations.TestTranslations" name="test_translate_telugu" time="0.001"/>
	<system-out><![CDATA[]]></system-out>
	<system-err><![CDATA[]]></system-err>
</testsuite>
