<?xml version="1.0" ?>
<testsuite name="TestServices.UserTestCase-20240411100823" tests="1" time="0.031" failures="0" errors="0">
	<testcase classname="TestServices.UserTestCase" name="test_register_user" time="0.031"/>
	<system-out><![CDATA[]]></system-out>
	<system-err><![CDATA[]]></system-err>
</testsuite>
