<?xml version="1.0" ?>
<testsuite name="TestAServices.UserTestCase-20240411101246" tests="1" time="0.044" failures="0" errors="0">
	<testcase classname="TestAServices.UserTestCase" name="test_register_user" time="0.044"/>
	<system-out><![CDATA[]]></system-out>
	<system-err><![CDATA[]]></system-err>
</testsuite>
