<?xml version="1.0" ?>
<testsuite name="TestAServices.UserTestCase-20240506202557" tests="5" time="1.382" failures="0" errors="0">
	<testcase classname="TestAServices.UserTestCase" name="test_login_user" time="0.671"/>
	<testcase classname="TestAServices.UserTestCase" name="test_login_user_fail" time="0.107"/>
	<testcase classname="TestAServices.UserTestCase" name="test_prediction" time="0.243"/>
	<testcase classname="TestAServices.UserTestCase" name="test_register_user" time="0.254"/>
	<testcase classname="TestAServices.UserTestCase" name="test_saving" time="0.107"/>
	<system-out><![CDATA[]]></system-out>
	<system-err><![CDATA[]]></system-err>
</testsuite>
