<?xml version="1.0" ?>
<testsuite name="TestRoutes.TestUsersBlueprint-20240426144426" tests="5" time="0.039" failures="0" errors="0">
	<testcase classname="TestRoutes.TestUsersBlueprint" name="test_login" time="0.017"/>
	<testcase classname="TestRoutes.TestUsersBlueprint" name="test_login_fail" time="0.004"/>
	<testcase classname="TestRoutes.TestUsersBlueprint" name="test_prediction" time="0.005"/>
	<testcase classname="TestRoutes.TestUsersBlueprint" name="test_register" time="0.011"/>
	<testcase classname="TestRoutes.TestUsersBlueprint" name="test_save" time="0.003"/>
	<system-out><![CDATA[]]></system-out>
	<system-err><![CDATA[]]></system-err>
</testsuite>
