<?xml version="1.0" ?>
<testsuite name="TestRoutes.TestUsersBlueprint-20240411101246" tests="5" time="0.026" failures="0" errors="0">
	<testcase classname="TestRoutes.TestUsersBlueprint" name="test_login" time="0.013"/>
	<testcase classname="TestRoutes.TestUsersBlueprint" name="test_login_fail" time="0.002"/>
	<testcase classname="TestRoutes.TestUsersBlueprint" name="test_prediction" time="0.001"/>
	<testcase classname="TestRoutes.TestUsersBlueprint" name="test_register" time="0.009"/>
	<testcase classname="TestRoutes.TestUsersBlueprint" name="test_save" time="0.002"/>
	<system-out><![CDATA[]]></system-out>
	<system-err><![CDATA[]]></system-err>
</testsuite>
