<?xml version="1.0" ?>
<testsuite name="TestModelPrediction.TestModelPredictions-20240312112031" tests="1" time="0.008" failures="0" errors="0">
	<testcase classname="TestModelPrediction.TestModelPredictions" name="test_prediction_shape" time="0.008"/>
	<system-out><![CDATA[]]></system-out>
	<system-err><![CDATA[]]></system-err>
</testsuite>
