<?xml version="1.0" ?>
<testsuite name="TestAServices.UserTestCase-20240411100952" tests="1" time="0.038" failures="0" errors="0">
	<testcase classname="TestAServices.UserTestCase" name="test_register_user" time="0.038"/>
	<system-out><![CDATA[]]></system-out>
	<system-err><![CDATA[]]></system-err>
</testsuite>
