<?xml version="1.0" ?>
<testsuite name="TestRoutes.TestUsersBlueprint-20240410222344" tests="1" time="0.017" failures="0" errors="0">
	<testcase classname="TestRoutes.TestUsersBlueprint" name="test_login" time="0.017"/>
	<system-out><![CDATA[]]></system-out>
	<system-err><![CDATA[]]></system-err>
</testsuite>
