<?xml version="1.0" ?>
<testsuite name="TestModelCreation.TestDataPreprocessing-20240410222526" tests="3" time="0.001" failures="0" errors="0">
	<testcase classname="TestModelCreation.TestDataPreprocessing" name="test_label_encoder" time="0.000"/>
	<testcase classname="TestModelCreation.TestDataPreprocessing" name="test_scaler" time="0.001"/>
	<testcase classname="TestModelCreation.TestDataPreprocessing" name="test_tensor_conversion" time="0.000"/>
	<system-out><![CDATA[]]></system-out>
	<system-err><![CDATA[[2024-04-10 22:25:26,590] ERROR in app: Exception on /register [POST]
Traceback (most recent call last):
  File "C:\Users\Omistaja\PycharmProjects\MLEngine3\.venv\Lib\site-packages\flask\app.py", line 1463, in wsgi_app
    response = self.full_dispatch_request()
               ^^^^^^^^^^^^^^^^^^^^^^^^^^^^
  File "C:\Users\Omistaja\PycharmProjects\MLEngine3\.venv\Lib\site-packages\flask\app.py", line 872, in full_dispatch_request
    rv = self.handle_user_exception(e)
         ^^^^^^^^^^^^^^^^^^^^^^^^^^^^^
  File "C:\Users\Omistaja\PycharmProjects\MLEngine3\.venv\Lib\site-packages\flask_cors\extension.py", line 176, in wrapped_function
    return cors_after_request(app.make_response(f(*args, **kwargs)))
                                                ^^^^^^^^^^^^^^^^^^
  File "C:\Users\Omistaja\PycharmProjects\MLEngine3\.venv\Lib\site-packages\flask\app.py", line 870, in full_dispatch_request
    rv = self.dispatch_request()
         ^^^^^^^^^^^^^^^^^^^^^^^
  File "C:\Users\Omistaja\PycharmProjects\MLEngine3\.venv\Lib\site-packages\flask\app.py", line 855, in dispatch_request
    return self.ensure_sync(self.view_functions[rule.endpoint])(**view_args)  # type: ignore[no-any-return]
           ^^^^^^^^^^^^^^^^^^^^^^^^^^^^^^^^^^^^^^^^^^^^^^^^^^^^^^^^^^^^^^^^^
  File "C:\Users\Omistaja\PycharmProjects\MLEngine3\backend\routes.py", line 9, in register
    new_user = register_user(user_data)
               ^^^^^^^^^^^^^^^^^^^^^^^^
  File "C:\Users\Omistaja\PycharmProjects\MLEngine3\backend\services.py", line 12, in register_user
    if (user_data['suffix'] == 'su'):
        ~~~~~~~~~^^^^^^^^^^
KeyError: 'suffix'
]]></system-err>
</testsuite>
