<?xml version="1.0" ?>
<testsuite name="TestAServices.UserTestCase-20240411102946" tests="5" time="0.121" failures="0" errors="1">
	<testcase classname="TestAServices.UserTestCase" name="test_login_user" time="0.037"/>
	<testcase classname="TestAServices.UserTestCase" name="test_login_user_fail" time="0.001"/>
	<testcase classname="TestAServices.UserTestCase" name="test_register_user" time="0.012"/>
	<testcase classname="TestAServices.UserTestCase" name="test_saving" time="0.004"/>
	<testcase classname="TestAServices.UserTestCase" name="test_prediction" time="0.068">
		<error type="ValueError" message="could not convert string to float: '[None,None,None,None,None,None,None,None,None,None,None,None,None,None,None,None,None,None,None,None,None,None,None,None,None]'"><![CDATA[Traceback (most recent call last):
  File "C:\Users\Omistaja\PycharmProjects\MLEngine3\backend\tests\TestAServices.py", line 71, in test_prediction
    response = predict(user_data)
               ^^^^^^^^^^^^^^^^^^
  File "C:\Users\Omistaja\PycharmProjects\MLEngine3\backend\services.py", line 73, in predict
    input_data_scaled = scaler.transform([data])  # Scale the input data
                        ^^^^^^^^^^^^^^^^^^^^^^^^
  File "C:\Users\Omistaja\PycharmProjects\MLEngine3\.venv\Lib\site-packages\sklearn\utils\_set_output.py", line 295, in wrapped
    data_to_wrap = f(self, X, *args, **kwargs)
                   ^^^^^^^^^^^^^^^^^^^^^^^^^^^
  File "C:\Users\Omistaja\PycharmProjects\MLEngine3\.venv\Lib\site-packages\sklearn\preprocessing\_data.py", line 1043, in transform
    X = self._validate_data(
        ^^^^^^^^^^^^^^^^^^^^
  File "C:\Users\Omistaja\PycharmProjects\MLEngine3\.venv\Lib\site-packages\sklearn\base.py", line 633, in _validate_data
    out = check_array(X, input_name="X", **check_params)
          ^^^^^^^^^^^^^^^^^^^^^^^^^^^^^^^^^^^^^^^^^^^^^^
  File "C:\Users\Omistaja\PycharmProjects\MLEngine3\.venv\Lib\site-packages\sklearn\utils\validation.py", line 997, in check_array
    array = _asarray_with_order(array, order=order, dtype=dtype, xp=xp)
            ^^^^^^^^^^^^^^^^^^^^^^^^^^^^^^^^^^^^^^^^^^^^^^^^^^^^^^^^^^^
  File "C:\Users\Omistaja\PycharmProjects\MLEngine3\.venv\Lib\site-packages\sklearn\utils\_array_api.py", line 521, in _asarray_with_order
    array = numpy.asarray(array, order=order, dtype=dtype)
            ^^^^^^^^^^^^^^^^^^^^^^^^^^^^^^^^^^^^^^^^^^^^^^
ValueError: could not convert string to float: '[None,None,None,None,None,None,None,None,None,None,None,None,None,None,None,None,None,None,None,None,None,None,None,None,None]'
]]></error>
	</testcase>
	<system-out><![CDATA[]]></system-out>
	<system-err><![CDATA[]]></system-err>
</testsuite>
