<?xml version="1.0" ?>
<testsuite name="TestAServices.UserTestCase-20240426134443" tests="5" time="0.228" failures="0" errors="0">
	<testcase classname="TestAServices.UserTestCase" name="test_login_user" time="0.151"/>
	<testcase classname="TestAServices.UserTestCase" name="test_login_user_fail" time="0.003"/>
	<testcase classname="TestAServices.UserTestCase" name="test_prediction" time="0.057"/>
	<testcase classname="TestAServices.UserTestCase" name="test_register_user" time="0.014"/>
	<testcase classname="TestAServices.UserTestCase" name="test_saving" time="0.003"/>
	<system-out><![CDATA[]]></system-out>
	<system-err><![CDATA[]]></system-err>
</testsuite>
