<?xml version="1.0" ?>
<testsuite name="TestRoutes.TestUsersBlueprint-20240410222319" tests="1" time="0.051" failures="0" errors="1">
	<testcase classname="TestRoutes.TestUsersBlueprint" name="test_login" time="0.051">
		<error type="AssertionError" message="{'message': 'Invalid email or password'} != {'id': 1, 'username': 'testuser'}
- {'message': 'Invalid email or password'}
+ {'id': 1, 'username': 'testuser'}"><![CDATA[Traceback (most recent call last):
  File "C:\Program Files\WindowsApps\PythonSoftwareFoundation.Python.3.11_3.11.2544.0_x64__qbz5n2kfra8p0\Lib\unittest\mock.py", line 1378, in patched
    return func(*newargs, **newkeywargs)
           ^^^^^^^^^^^^^^^^^^^^^^^^^^^^^
  File "C:\Users\Omistaja\PycharmProjects\MLEngine3\backend\tests\TestRoutes.py", line 32, in test_login
    self.assertEqual(data, {'id': 1, 'username': 'testuser'})
AssertionError: {'message': 'Invalid email or password'} != {'id': 1, 'username': 'testuser'}
- {'message': 'Invalid email or password'}
+ {'id': 1, 'username': 'testuser'}
]]></error>
	</testcase>
	<system-out><![CDATA[]]></system-out>
	<system-err><![CDATA[]]></system-err>
</testsuite>
