<?xml version="1.0" ?>
<testsuite name="TestModelPrediction.TestModelPredictions-20240410221408" tests="1" time="0.009" failures="0" errors="0">
	<testcase classname="TestModelPrediction.TestModelPredictions" name="test_prediction_shape" time="0.009"/>
	<system-out><![CDATA[]]></system-out>
	<system-err><![CDATA[]]></system-err>
</testsuite>
